Using pre-set license
Built from '2020.3/staging' branch; Version is '2020.3.11f1 (99c7afb366b3) revision 10078127'; Using compiler version '192528614'; Build Type 'Release'
OS: 'Windows 10 Pro; OS build 19043.1052; Version 2009; 64bit' Language: 'en' Physical Memory: 16238 MB
BatchMode: 1, IsHumanControllingUs: 0, StartBugReporterOnCrash: 0, Is64bit: 1, IsPro: 0

 COMMAND LINE ARGUMENTS:
C:\Program Files\Unity\Hub\Editor\2020.3.11f1\Editor\Unity.exe
-adb2
-batchMode
-noUpm
-name
AssetImportWorker0
-projectPath
D:/orhun/Git/Week3- FlappyBird
-logFile
Logs/AssetImportWorker0.log
-srvPort
51686
Successfully changed project path to: D:/orhun/Git/Week3- FlappyBird
D:/orhun/Git/Week3- FlappyBird
Using Asset Import Pipeline V2.
Refreshing native plugins compatible for Editor in 53.30 ms, found 3 plugins.
Preloading 0 native plugins for Editor in 0.00 ms.
Initialize engine version: 2020.3.11f1 (99c7afb366b3)
[Subsystems] Discovering subsystems at path C:/Program Files/Unity/Hub/Editor/2020.3.11f1/Editor/Data/Resources/UnitySubsystems
[Subsystems] Discovering subsystems at path D:/orhun/Git/Week3- FlappyBird/Assets
GfxDevice: creating device client; threaded=0
Direct3D:
    Version:  Direct3D 11.0 [level 11.1]
    Renderer: NVIDIA GeForce GTX 1050 (ID=0x1c8d)
    Vendor:   
    VRAM:     4050 MB
    Driver:   22.21.13.8205
Initialize mono
Mono path[0] = 'C:/Program Files/Unity/Hub/Editor/2020.3.11f1/Editor/Data/Managed'
Mono path[1] = 'C:/Program Files/Unity/Hub/Editor/2020.3.11f1/Editor/Data/MonoBleedingEdge/lib/mono/unityjit'
Mono config path = 'C:/Program Files/Unity/Hub/Editor/2020.3.11f1/Editor/Data/MonoBleedingEdge/etc'
Using monoOptions --debugger-agent=transport=dt_socket,embedding=1,server=y,suspend=n,address=127.0.0.1:56236
Begin MonoManager ReloadAssembly
Registering precompiled unity dll's ...
Register platform support module: C:/Program Files/Unity/Hub/Editor/2020.3.11f1/Editor/Data/PlaybackEngines/WindowsStandaloneSupport/UnityEditor.WindowsStandalone.Extensions.dll
Registered in 0.001618 seconds.
Native extension for WindowsStandalone target not found
Refreshing native plugins compatible for Editor in 47.05 ms, found 3 plugins.
Preloading 0 native plugins for Editor in 0.00 ms.
Mono: successfully reloaded assembly
- Completed reload, in  1.168 seconds
Platform modules already initialized, skipping
Registering precompiled user dll's ...
Registered in 0.006251 seconds.
Begin MonoManager ReloadAssembly
Native extension for WindowsStandalone target not found
Refreshing native plugins compatible for Editor in 49.87 ms, found 3 plugins.
Preloading 0 native plugins for Editor in 0.00 ms.
Mono: successfully reloaded assembly
- Completed reload, in  1.286 seconds
Platform modules already initialized, skipping
========================================================================
Worker process is ready to serve import requests
Launched and connected shader compiler UnityShaderCompiler.exe after 0.04 seconds
Refreshing native plugins compatible for Editor in 0.69 ms, found 3 plugins.
Preloading 0 native plugins for Editor in 0.00 ms.
Unloading 2098 Unused Serialized files (Serialized files now loaded: 0)
System memory in use before: 95.1 MB.
System memory in use after: 95.0 MB.

Unloading 32 unused Assets to reduce memory usage. Loaded Objects now: 2532.
Total: 2.416100 ms (FindLiveObjects: 0.231600 ms CreateObjectMapping: 0.074700 ms MarkObjects: 1.951200 ms  DeleteObjects: 0.157600 ms)

========================================================================
Received Import Request.
  path: Assets/Scenes/Intro.unity
  artifactKey: Guid(a382c29916d31a14a84f3478e803748a) Importer(815301076,1909f56bfc062723c751e8b465ee728b)
Start importing Assets/Scenes/Intro.unity using Guid(a382c29916d31a14a84f3478e803748a) Importer(815301076,1909f56bfc062723c751e8b465ee728b)  -> (artifact id: '538f0bb7fe22d38b4d4c8dbdf0aa40af') in 0.021235 seconds
  Import took 0.025496 seconds .

========================================================================
Received Import Request.
  Time since last request: 182.698991 seconds.
  path: Assets/Prefabs/Character
  artifactKey: Guid(2d9f1ba480085284ab99ccf8ed02473b) Importer(815301076,1909f56bfc062723c751e8b465ee728b)
Start importing Assets/Prefabs/Character using Guid(2d9f1ba480085284ab99ccf8ed02473b) Importer(815301076,1909f56bfc062723c751e8b465ee728b)  -> (artifact id: 'b644dde74aeac1334cfe2425751b1d5d') in 0.008161 seconds
  Import took 0.013248 seconds .

========================================================================
Received Import Request.
  Time since last request: 123.149482 seconds.
  path: Assets/Prefabs/Character/Fly.anim
  artifactKey: Guid(ba1b68aed1d033b48900c5a45f77e6ff) Importer(815301076,1909f56bfc062723c751e8b465ee728b)
Start importing Assets/Prefabs/Character/Fly.anim using Guid(ba1b68aed1d033b48900c5a45f77e6ff) Importer(815301076,1909f56bfc062723c751e8b465ee728b)  -> (artifact id: '549d3f590cc2ecd359a87d6d0e35c95c') in 0.028158 seconds
  Import took 0.033670 seconds .

========================================================================
Received Import Request.
  Time since last request: 0.009082 seconds.
  path: Assets/Prefabs/Character/Fly.anim
  artifactKey: Guid(ba1b68aed1d033b48900c5a45f77e6ff) Importer(815301076,1909f56bfc062723c751e8b465ee728b)
Start importing Assets/Prefabs/Character/Fly.anim using Guid(ba1b68aed1d033b48900c5a45f77e6ff) Importer(815301076,1909f56bfc062723c751e8b465ee728b)  -> (artifact id: '549d3f590cc2ecd359a87d6d0e35c95c') in 0.005218 seconds
  Import took 0.009881 seconds .

========================================================================
Received Import Request.
  Time since last request: 0.666764 seconds.
  path: Assets/Prefabs/Character/Character.controller
  artifactKey: Guid(93f6f519f6888884788862c07f0591a7) Importer(815301076,1909f56bfc062723c751e8b465ee728b)
Start importing Assets/Prefabs/Character/Character.controller using Guid(93f6f519f6888884788862c07f0591a7) Importer(815301076,1909f56bfc062723c751e8b465ee728b)  -> (artifact id: '767e4350a22a5b9b53e01f3e39c6a17d') in 0.006948 seconds
  Import took 0.010808 seconds .

========================================================================
Received Import Request.
  Time since last request: 9.028366 seconds.
  path: Assets/Prefabs/Character/Bird.prefab
  artifactKey: Guid(3a3472993f93aa8489b0bc1e8ddcb717) Importer(815301076,1909f56bfc062723c751e8b465ee728b)
Start importing Assets/Prefabs/Character/Bird.prefab using Guid(3a3472993f93aa8489b0bc1e8ddcb717) Importer(815301076,1909f56bfc062723c751e8b465ee728b) The Animator Controller (Character) you have used is not valid. Animations will not play
UnityEngine.StackTraceUtility:ExtractStackTrace ()
UnityEditor.EditorUtility:Internal_InstantiateRemoveAllNonAnimationComponentsSingle (UnityEngine.Object,UnityEngine.Vector3,UnityEngine.Quaternion)
UnityEditor.EditorUtility:InstantiateRemoveAllNonAnimationComponents (UnityEngine.Object,UnityEngine.Vector3,UnityEngine.Quaternion)
UnityEditor.EditorUtility:InstantiateForAnimatorPreview (UnityEngine.Object)
UnityEditor.GameObjectInspector/PreviewData:UpdateGameObject (UnityEngine.Object)
UnityEditor.GameObjectInspector/PreviewData:.ctor (UnityEngine.Object)
UnityEditor.GameObjectInspector:GetPreviewData ()
UnityEditor.GameObjectInspector:RenderStaticPreview (string,UnityEngine.Object[],int,int)
UnityEditor.AssetPreviewUpdater:CreatePreviewForAsset (UnityEngine.Object,UnityEngine.Object[],string)

[C:\buildslave\unity\build\Modules/Animation/Director/AnimatorControllerPlayable.cpp line 333]

The Animator Controller (Character) you have used is not valid. Animations will not play
UnityEngine.StackTraceUtility:ExtractStackTrace ()
UnityEditor.EditorUtility:InitInstantiatedPreviewRecursive (UnityEngine.GameObject)
UnityEditor.EditorUtility:InstantiateForAnimatorPreview (UnityEngine.Object)
UnityEditor.GameObjectInspector/PreviewData:UpdateGameObject (UnityEngine.Object)
UnityEditor.GameObjectInspector/PreviewData:.ctor (UnityEngine.Object)
UnityEditor.GameObjectInspector:GetPreviewData ()
UnityEditor.GameObjectInspector:RenderStaticPreview (string,UnityEngine.Object[],int,int)
UnityEditor.AssetPreviewUpdater:CreatePreviewForAsset (UnityEngine.Object,UnityEngine.Object[],string)

[C:\buildslave\unity\build\Modules/Animation/Director/AnimatorControllerPlayable.cpp line 333]

 -> (artifact id: 'ad17232dbbdf8ffe6c77beff83f2d104') in 0.108025 seconds
  Import took 0.112369 seconds .

========================================================================
Received Import Request.
  Time since last request: 242.141315 seconds.
  path: Assets/Prefabs/Character/Idle.anim
  artifactKey: Guid(5a296db172e73c14fa18cf653f94347d) Importer(815301076,1909f56bfc062723c751e8b465ee728b)
Start importing Assets/Prefabs/Character/Idle.anim using Guid(5a296db172e73c14fa18cf653f94347d) Importer(815301076,1909f56bfc062723c751e8b465ee728b)  -> (artifact id: '4b8ea4491412375600cfdd91ffe4dcc8') in 0.009000 seconds
  Import took 0.014191 seconds .

========================================================================
Received Import Request.
  Time since last request: 0.006202 seconds.
  path: Assets/Prefabs/Character/Idle.anim
  artifactKey: Guid(5a296db172e73c14fa18cf653f94347d) Importer(815301076,1909f56bfc062723c751e8b465ee728b)
Start importing Assets/Prefabs/Character/Idle.anim using Guid(5a296db172e73c14fa18cf653f94347d) Importer(815301076,1909f56bfc062723c751e8b465ee728b)  -> (artifact id: '4b8ea4491412375600cfdd91ffe4dcc8') in 0.003280 seconds
  Import took 0.007135 seconds .

========================================================================
Received Prepare
Registering precompiled user dll's ...
Registered in 0.008135 seconds.
Begin MonoManager ReloadAssembly
Native extension for WindowsStandalone target not found
Refreshing native plugins compatible for Editor in 0.64 ms, found 3 plugins.
Preloading 0 native plugins for Editor in 0.00 ms.
Mono: successfully reloaded assembly
- Completed reload, in  1.593 seconds
Platform modules already initialized, skipping
Switching build target platform(19) subTarget(0) extendedPlatform(0) -> platform(9) subTarget(16777218) extendedPlatform(0)
Refreshing native plugins compatible for Editor in 0.81 ms, found 3 plugins.
Preloading 0 native plugins for Editor in 0.00 ms.
Unloading 2082 Unused Serialized files (Serialized files now loaded: 0)
System memory in use before: 96.6 MB.
System memory in use after: 96.7 MB.

Unloading 20 unused Assets to reduce memory usage. Loaded Objects now: 2543.
Total: 2.739900 ms (FindLiveObjects: 0.250800 ms CreateObjectMapping: 0.109600 ms MarkObjects: 2.269000 ms  DeleteObjects: 0.109100 ms)

AssetImportParameters requested are different than current active one (requested -> active):
  custom:graphics/normal-map-encoding: 01000000000000000000000000000000 -> 02000000000000000000000000000000
========================================================================
Received Prepare
Registering precompiled user dll's ...
Registered in 0.013592 seconds.
Begin MonoManager ReloadAssembly
Native extension for WindowsStandalone target not found
Refreshing native plugins compatible for Editor in 0.64 ms, found 3 plugins.
Preloading 0 native plugins for Editor in 0.00 ms.
Mono: successfully reloaded assembly
- Completed reload, in  1.630 seconds
Platform modules already initialized, skipping
Switching build target platform(19) subTarget(0) extendedPlatform(0) -> platform(9) subTarget(16777218) extendedPlatform(0)
Refreshing native plugins compatible for Editor in 0.57 ms, found 3 plugins.
Preloading 0 native plugins for Editor in 0.00 ms.
Unloading 2082 Unused Serialized files (Serialized files now loaded: 0)
System memory in use before: 96.7 MB.
System memory in use after: 96.7 MB.

Unloading 20 unused Assets to reduce memory usage. Loaded Objects now: 2547.
Total: 3.156800 ms (FindLiveObjects: 0.258200 ms CreateObjectMapping: 0.096900 ms MarkObjects: 2.696900 ms  DeleteObjects: 0.103200 ms)

AssetImportParameters requested are different than current active one (requested -> active):
  custom:graphics/normal-map-encoding: 01000000000000000000000000000000 -> 02000000000000000000000000000000
========================================================================
Received Import Request.
  Time since last request: 78.656490 seconds.
  path: Assets/Scenes/PlayScene.unity
  artifactKey: Guid(2cda990e2423bbf4892e6590ba056729) Importer(815301076,1909f56bfc062723c751e8b465ee728b)
Start importing Assets/Scenes/PlayScene.unity using Guid(2cda990e2423bbf4892e6590ba056729) Importer(815301076,1909f56bfc062723c751e8b465ee728b)  -> (artifact id: '4720ed2dbe05e885b702fc32d5fe611d') in 0.019524 seconds
  Import took 0.024145 seconds .

========================================================================
Received Import Request.
  Time since last request: 28.255444 seconds.
  path: Assets/Scenes/Intro.unity
  artifactKey: Guid(a382c29916d31a14a84f3478e803748a) Importer(815301076,1909f56bfc062723c751e8b465ee728b)
Start importing Assets/Scenes/Intro.unity using Guid(a382c29916d31a14a84f3478e803748a) Importer(815301076,1909f56bfc062723c751e8b465ee728b)  -> (artifact id: '8460a6c46dab113012a9316863f0bcde') in 0.003640 seconds
  Import took 0.008418 seconds .

========================================================================
Received Import Request.
  Time since last request: 2.645421 seconds.
  path: Assets/Scripts/PlayerView.cs
  artifactKey: Guid(63914de3471748c1bc19ad81454a862d) Importer(815301076,1909f56bfc062723c751e8b465ee728b)
Start importing Assets/Scripts/PlayerView.cs using Guid(63914de3471748c1bc19ad81454a862d) Importer(815301076,1909f56bfc062723c751e8b465ee728b)  -> (artifact id: '3b1fab93875e8d1a3cf34d32ba0f44cc') in 0.010448 seconds
  Import took 0.014782 seconds .

========================================================================
Received Import Request.
  Time since last request: 6.580239 seconds.
  path: Assets/Scripts/PlayerController.cs
  artifactKey: Guid(39fe6fc367f04424b9b7932cfe01583f) Importer(815301076,1909f56bfc062723c751e8b465ee728b)
Start importing Assets/Scripts/PlayerController.cs using Guid(39fe6fc367f04424b9b7932cfe01583f) Importer(815301076,1909f56bfc062723c751e8b465ee728b)  -> (artifact id: '5324ce047774256541a69a818f5cef99') in 0.009008 seconds
  Import took 0.012637 seconds .

========================================================================
Received Prepare
Registering precompiled user dll's ...
Registered in 0.009128 seconds.
Begin MonoManager ReloadAssembly
Native extension for WindowsStandalone target not found
Refreshing native plugins compatible for Editor in 0.51 ms, found 3 plugins.
Preloading 0 native plugins for Editor in 0.00 ms.
Mono: successfully reloaded assembly
- Completed reload, in  1.329 seconds
Platform modules already initialized, skipping
Switching build target platform(19) subTarget(0) extendedPlatform(0) -> platform(9) subTarget(16777218) extendedPlatform(0)
Refreshing native plugins compatible for Editor in 0.80 ms, found 3 plugins.
Preloading 0 native plugins for Editor in 0.00 ms.
Unloading 2082 Unused Serialized files (Serialized files now loaded: 0)
System memory in use before: 96.7 MB.
System memory in use after: 96.8 MB.

Unloading 20 unused Assets to reduce memory usage. Loaded Objects now: 2551.
Total: 2.682300 ms (FindLiveObjects: 0.192300 ms CreateObjectMapping: 0.073700 ms MarkObjects: 2.301500 ms  DeleteObjects: 0.113700 ms)

AssetImportParameters requested are different than current active one (requested -> active):
  custom:graphics/normal-map-encoding: 01000000000000000000000000000000 -> 02000000000000000000000000000000
